2021-06-14 10:27:04,555 [main.py         | 48] INFO: Start to run instance_1
2021-06-14 10:27:04,555 [simulate_api.py | 60] INFO: Start time of the simulator: 2021-06-14 00:00:00, time interval:  600.00
2021-06-14 10:27:04,567 [input_utils.py  | 48] INFO: Get 154 factories
2021-06-14 10:27:06,116 [input_utils.py  | 52] INFO: Get 23562 routes
2021-06-14 10:27:06,143 [input_utils.py  | 57] INFO: Get 5 vehicles
2021-06-14 10:27:06,152 [input_utils.py  | 61] INFO: Get 50 orders
2021-06-14 10:27:06,152 [simulate_api.py | 87] INFO: Initial position of V_1 is e2d5093fbe36431f8986ddb0e1c586be
2021-06-14 10:27:06,153 [simulate_api.py | 87] INFO: Initial position of V_2 is 7fe14b93f0f04ee7a994ef5b2c1fdb72
2021-06-14 10:27:06,153 [simulate_api.py | 87] INFO: Initial position of V_3 is fa366fc87a124d32926daa5bb093129f
2021-06-14 10:27:06,153 [simulate_api.py | 87] INFO: Initial position of V_4 is e47399648fa842b2b8f80094343d8091
2021-06-14 10:27:06,153 [simulate_api.py | 87] INFO: Initial position of V_5 is becb4f85393540b287e7329758b8d832
2021-06-14 10:27:06,153 [simulate_environment.py | 96] INFO: **************************************************
2021-06-14 10:27:06,153 [simulate_environment.py | 100] INFO: cur time: 2021-06-14 00:10:00, pre time: 2021-06-14 00:00:00
2021-06-14 10:27:06,153 [simulate_environment.py | 136] INFO: Start to update the input of 2021-06-14 00:10:00
2021-06-14 10:27:06,154 [simulate_environment.py | 163] INFO: Get 1 unallocated order items, 0 ongoing order items, 0 completed order items
2021-06-14 10:27:07,287 [simulate_environment.py | 246] INFO: 2021-06-14 00:10:00, Item 0003480001-1: state = 1 < 2, we can not finish the simulation
2021-06-14 10:27:07,287 [simulate_environment.py | 96] INFO: **************************************************
2021-06-14 10:27:07,287 [simulate_environment.py | 100] INFO: cur time: 2021-06-14 00:20:00, pre time: 2021-06-14 00:10:00
2021-06-14 10:27:07,287 [simulate_environment.py | 136] INFO: Start to update the input of 2021-06-14 00:20:00
2021-06-14 10:27:07,303 [simulate_environment.py | 163] INFO: Get 3 unallocated order items, 0 ongoing order items, 0 completed order items
2021-06-14 10:27:09,526 [simulate_environment.py | 246] INFO: 2021-06-14 00:20:00, Item 0003480001-1: state = 1 < 2, we can not finish the simulation
2021-06-14 10:27:09,526 [simulate_environment.py | 96] INFO: **************************************************
2021-06-14 10:27:09,526 [simulate_environment.py | 100] INFO: cur time: 2021-06-14 00:30:00, pre time: 2021-06-14 00:20:00
2021-06-14 10:27:09,526 [simulate_environment.py | 136] INFO: Start to update the input of 2021-06-14 00:30:00
2021-06-14 10:27:09,536 [simulate_environment.py | 163] INFO: Get 3 unallocated order items, 0 ongoing order items, 0 completed order items
2021-06-14 10:27:11,574 [simulate_environment.py | 246] INFO: 2021-06-14 00:30:00, Item 0003480001-1: state = 1 < 2, we can not finish the simulation
2021-06-14 10:27:11,574 [simulate_environment.py | 96] INFO: **************************************************
2021-06-14 10:27:11,574 [simulate_environment.py | 100] INFO: cur time: 2021-06-14 00:40:00, pre time: 2021-06-14 00:30:00
2021-06-14 10:27:11,574 [simulate_environment.py | 136] INFO: Start to update the input of 2021-06-14 00:40:00
2021-06-14 10:27:11,583 [simulate_environment.py | 163] INFO: Get 9 unallocated order items, 0 ongoing order items, 0 completed order items
2021-06-14 10:27:15,399 [simulate_environment.py | 246] INFO: 2021-06-14 00:40:00, Item 0003480001-1: state = 1 < 2, we can not finish the simulation
2021-06-14 10:27:15,400 [simulate_environment.py | 96] INFO: **************************************************
2021-06-14 10:27:15,400 [simulate_environment.py | 100] INFO: cur time: 2021-06-14 00:50:00, pre time: 2021-06-14 00:40:00
2021-06-14 10:27:15,400 [simulate_environment.py | 136] INFO: Start to update the input of 2021-06-14 00:50:00
2021-06-14 10:27:15,411 [simulate_environment.py | 163] INFO: Get 9 unallocated order items, 0 ongoing order items, 0 completed order items
2021-06-14 10:27:18,881 [simulate_environment.py | 246] INFO: 2021-06-14 00:50:00, Item 0003480001-1: state = 1 < 2, we can not finish the simulation
2021-06-14 10:27:18,881 [simulate_environment.py | 96] INFO: **************************************************
2021-06-14 10:27:18,881 [simulate_environment.py | 100] INFO: cur time: 2021-06-14 01:00:00, pre time: 2021-06-14 00:50:00
2021-06-14 10:27:18,881 [simulate_environment.py | 136] INFO: Start to update the input of 2021-06-14 01:00:00
2021-06-14 10:27:18,895 [simulate_environment.py | 163] INFO: Get 9 unallocated order items, 0 ongoing order items, 0 completed order items
2021-06-14 10:27:22,236 [simulate_environment.py | 246] INFO: 2021-06-14 01:00:00, Item 0003480001-1: state = 1 < 2, we can not finish the simulation
2021-06-14 10:27:22,236 [simulate_environment.py | 96] INFO: **************************************************
2021-06-14 10:27:22,236 [simulate_environment.py | 100] INFO: cur time: 2021-06-14 01:10:00, pre time: 2021-06-14 01:00:00
2021-06-14 10:27:22,236 [simulate_environment.py | 136] INFO: Start to update the input of 2021-06-14 01:10:00
2021-06-14 10:27:22,240 [simulate_environment.py | 163] INFO: Get 9 unallocated order items, 0 ongoing order items, 0 completed order items
2021-06-14 10:27:25,690 [simulate_environment.py | 246] INFO: 2021-06-14 01:10:00, Item 0003480001-1: state = 1 < 2, we can not finish the simulation
2021-06-14 10:27:25,690 [simulate_environment.py | 96] INFO: **************************************************
2021-06-14 10:27:25,690 [simulate_environment.py | 100] INFO: cur time: 2021-06-14 01:20:00, pre time: 2021-06-14 01:10:00
2021-06-14 10:27:25,690 [simulate_environment.py | 136] INFO: Start to update the input of 2021-06-14 01:20:00
2021-06-14 10:27:25,692 [simulate_environment.py | 163] INFO: Get 4 unallocated order items, 5 ongoing order items, 0 completed order items
2021-06-14 10:27:27,536 [simulate_environment.py | 246] INFO: 2021-06-14 01:20:00, Item 0013570003-1: state = 1 < 2, we can not finish the simulation
2021-06-14 10:27:27,537 [simulate_environment.py | 96] INFO: **************************************************
2021-06-14 10:27:27,537 [simulate_environment.py | 100] INFO: cur time: 2021-06-14 01:30:00, pre time: 2021-06-14 01:20:00
2021-06-14 10:27:27,537 [simulate_environment.py | 136] INFO: Start to update the input of 2021-06-14 01:30:00
2021-06-14 10:27:27,552 [simulate_environment.py | 163] INFO: Get 4 unallocated order items, 5 ongoing order items, 0 completed order items
2021-06-14 10:27:29,393 [simulate_environment.py | 246] INFO: 2021-06-14 01:30:00, Item 0013570003-1: state = 1 < 2, we can not finish the simulation
2021-06-14 10:27:29,393 [simulate_environment.py | 96] INFO: **************************************************
2021-06-14 10:27:29,393 [simulate_environment.py | 100] INFO: cur time: 2021-06-14 01:40:00, pre time: 2021-06-14 01:30:00
2021-06-14 10:27:29,393 [simulate_environment.py | 136] INFO: Start to update the input of 2021-06-14 01:40:00
2021-06-14 10:27:29,395 [simulate_environment.py | 163] INFO: Get 4 unallocated order items, 5 ongoing order items, 0 completed order items
2021-06-14 10:27:31,262 [simulate_environment.py | 246] INFO: 2021-06-14 01:40:00, Item 0013570003-1: state = 1 < 2, we can not finish the simulation
2021-06-14 10:27:31,263 [simulate_environment.py | 96] INFO: **************************************************
2021-06-14 10:27:31,263 [simulate_environment.py | 100] INFO: cur time: 2021-06-14 01:50:00, pre time: 2021-06-14 01:40:00
2021-06-14 10:27:31,263 [simulate_environment.py | 136] INFO: Start to update the input of 2021-06-14 01:50:00
2021-06-14 10:27:31,272 [simulate_environment.py | 163] INFO: Get 3 unallocated order items, 6 ongoing order items, 0 completed order items
2021-06-14 10:27:32,635 [simulate_environment.py | 246] INFO: 2021-06-14 01:50:00, Item 0038220005-1: state = 1 < 2, we can not finish the simulation
2021-06-14 10:27:32,635 [simulate_environment.py | 96] INFO: **************************************************
2021-06-14 10:27:32,635 [simulate_environment.py | 100] INFO: cur time: 2021-06-14 02:00:00, pre time: 2021-06-14 01:50:00
2021-06-14 10:27:32,635 [simulate_environment.py | 136] INFO: Start to update the input of 2021-06-14 02:00:00
2021-06-14 10:27:32,645 [simulate_environment.py | 163] INFO: Get 3 unallocated order items, 6 ongoing order items, 0 completed order items
2021-06-14 10:27:33,994 [simulate_environment.py | 246] INFO: 2021-06-14 02:00:00, Item 0038220005-1: state = 1 < 2, we can not finish the simulation
2021-06-14 10:27:33,994 [simulate_environment.py | 96] INFO: **************************************************
2021-06-14 10:27:33,994 [simulate_environment.py | 100] INFO: cur time: 2021-06-14 02:10:00, pre time: 2021-06-14 02:00:00
2021-06-14 10:27:33,994 [simulate_environment.py | 136] INFO: Start to update the input of 2021-06-14 02:10:00
2021-06-14 10:27:34,005 [simulate_environment.py | 163] INFO: Get 1 unallocated order items, 9 ongoing order items, 0 completed order items
2021-06-14 10:27:35,432 [simulate_environment.py | 246] INFO: 2021-06-14 02:10:00, Item 0209340006-1: state = 1 < 2, we can not finish the simulation
2021-06-14 10:27:35,432 [simulate_environment.py | 96] INFO: **************************************************
2021-06-14 10:27:35,432 [simulate_environment.py | 100] INFO: cur time: 2021-06-14 02:20:00, pre time: 2021-06-14 02:10:00
2021-06-14 10:27:35,432 [simulate_environment.py | 136] INFO: Start to update the input of 2021-06-14 02:20:00
2021-06-14 10:27:35,442 [simulate_environment.py | 163] INFO: Get 1 unallocated order items, 8 ongoing order items, 1 completed order items
2021-06-14 10:27:36,778 [simulate_environment.py | 246] INFO: 2021-06-14 02:20:00, Item 0209340006-1: state = 1 < 2, we can not finish the simulation
2021-06-14 10:27:36,778 [simulate_environment.py | 96] INFO: **************************************************
2021-06-14 10:27:36,779 [simulate_environment.py | 100] INFO: cur time: 2021-06-14 02:30:00, pre time: 2021-06-14 02:20:00
2021-06-14 10:27:36,779 [simulate_environment.py | 136] INFO: Start to update the input of 2021-06-14 02:30:00
2021-06-14 10:27:36,787 [simulate_environment.py | 163] INFO: Get 1 unallocated order items, 8 ongoing order items, 1 completed order items
2021-06-14 10:27:38,134 [simulate_environment.py | 246] INFO: 2021-06-14 02:30:00, Item 0209340006-1: state = 1 < 2, we can not finish the simulation
2021-06-14 10:27:38,134 [simulate_environment.py | 96] INFO: **************************************************
2021-06-14 10:27:38,134 [simulate_environment.py | 100] INFO: cur time: 2021-06-14 02:40:00, pre time: 2021-06-14 02:30:00
2021-06-14 10:27:38,134 [simulate_environment.py | 136] INFO: Start to update the input of 2021-06-14 02:40:00
2021-06-14 10:27:38,147 [simulate_environment.py | 163] INFO: Get 2 unallocated order items, 8 ongoing order items, 1 completed order items
