2021-06-13 23:46:06,624 [main.py         | 48] INFO: Start to run instance_1
2021-06-13 23:46:06,624 [simulate_api.py | 60] INFO: Start time of the simulator: 2021-06-13 00:00:00, time interval:  600.00
2021-06-13 23:46:06,636 [input_utils.py  | 48] INFO: Get 154 factories
2021-06-13 23:46:08,190 [input_utils.py  | 52] INFO: Get 23562 routes
2021-06-13 23:46:08,216 [input_utils.py  | 57] INFO: Get 5 vehicles
2021-06-13 23:46:08,226 [input_utils.py  | 61] INFO: Get 50 orders
2021-06-13 23:46:08,226 [simulate_api.py | 87] INFO: Initial position of V_1 is e2d5093fbe36431f8986ddb0e1c586be
2021-06-13 23:46:08,229 [simulate_api.py | 87] INFO: Initial position of V_2 is 7fe14b93f0f04ee7a994ef5b2c1fdb72
2021-06-13 23:46:08,229 [simulate_api.py | 87] INFO: Initial position of V_3 is fa366fc87a124d32926daa5bb093129f
2021-06-13 23:46:08,230 [simulate_api.py | 87] INFO: Initial position of V_4 is e47399648fa842b2b8f80094343d8091
2021-06-13 23:46:08,230 [simulate_api.py | 87] INFO: Initial position of V_5 is becb4f85393540b287e7329758b8d832
2021-06-13 23:46:08,230 [simulate_environment.py | 96] INFO: **************************************************
2021-06-13 23:46:08,231 [simulate_environment.py | 100] INFO: cur time: 2021-06-13 00:10:00, pre time: 2021-06-13 00:00:00
2021-06-13 23:46:08,231 [simulate_environment.py | 136] INFO: Start to update the input of 2021-06-13 00:10:00
2021-06-13 23:46:08,233 [simulate_environment.py | 163] INFO: Get 1 unallocated order items, 0 ongoing order items, 0 completed order items
2021-06-13 23:46:09,166 [simulate_environment.py | 247] INFO: 2021-06-13 00:10:00, Item 0003480001-1: state = 1 < 2, we can not finish the simulation
2021-06-13 23:46:09,166 [simulate_environment.py | 96] INFO: **************************************************
2021-06-13 23:46:09,166 [simulate_environment.py | 100] INFO: cur time: 2021-06-13 00:20:00, pre time: 2021-06-13 00:10:00
2021-06-13 23:46:09,166 [simulate_environment.py | 136] INFO: Start to update the input of 2021-06-13 00:20:00
2021-06-13 23:46:09,180 [simulate_environment.py | 163] INFO: Get 3 unallocated order items, 0 ongoing order items, 0 completed order items
2021-06-13 23:46:10,166 [simulate_environment.py | 247] INFO: 2021-06-13 00:20:00, Item 0003480001-1: state = 1 < 2, we can not finish the simulation
2021-06-13 23:46:10,167 [simulate_environment.py | 96] INFO: **************************************************
2021-06-13 23:46:10,167 [simulate_environment.py | 100] INFO: cur time: 2021-06-13 00:30:00, pre time: 2021-06-13 00:20:00
2021-06-13 23:46:10,167 [simulate_environment.py | 136] INFO: Start to update the input of 2021-06-13 00:30:00
2021-06-13 23:46:10,180 [simulate_environment.py | 163] INFO: Get 3 unallocated order items, 0 ongoing order items, 0 completed order items
2021-06-13 23:46:11,126 [simulate_environment.py | 247] INFO: 2021-06-13 00:30:00, Item 0003480001-1: state = 1 < 2, we can not finish the simulation
2021-06-13 23:46:11,126 [simulate_environment.py | 96] INFO: **************************************************
2021-06-13 23:46:11,126 [simulate_environment.py | 100] INFO: cur time: 2021-06-13 00:40:00, pre time: 2021-06-13 00:30:00
2021-06-13 23:46:11,126 [simulate_environment.py | 136] INFO: Start to update the input of 2021-06-13 00:40:00
2021-06-13 23:46:11,133 [simulate_environment.py | 163] INFO: Get 9 unallocated order items, 0 ongoing order items, 0 completed order items
2021-06-13 23:46:12,116 [simulate_environment.py | 247] INFO: 2021-06-13 00:40:00, Item 0003480001-1: state = 1 < 2, we can not finish the simulation
2021-06-13 23:46:12,116 [simulate_environment.py | 96] INFO: **************************************************
2021-06-13 23:46:12,116 [simulate_environment.py | 100] INFO: cur time: 2021-06-13 00:50:00, pre time: 2021-06-13 00:40:00
2021-06-13 23:46:12,116 [simulate_environment.py | 136] INFO: Start to update the input of 2021-06-13 00:50:00
2021-06-13 23:46:12,132 [simulate_environment.py | 163] INFO: Get 4 unallocated order items, 5 ongoing order items, 0 completed order items
2021-06-13 23:46:13,123 [simulate_environment.py | 247] INFO: 2021-06-13 00:50:00, Item 0013570003-1: state = 1 < 2, we can not finish the simulation
2021-06-13 23:46:13,123 [simulate_environment.py | 96] INFO: **************************************************
2021-06-13 23:46:13,123 [simulate_environment.py | 100] INFO: cur time: 2021-06-13 01:00:00, pre time: 2021-06-13 00:50:00
2021-06-13 23:46:13,123 [simulate_environment.py | 136] INFO: Start to update the input of 2021-06-13 01:00:00
2021-06-13 23:46:13,134 [simulate_environment.py | 163] INFO: Get 4 unallocated order items, 5 ongoing order items, 0 completed order items
2021-06-13 23:46:14,086 [simulate_environment.py | 247] INFO: 2021-06-13 01:00:00, Item 0013570003-1: state = 1 < 2, we can not finish the simulation
2021-06-13 23:46:14,087 [simulate_environment.py | 96] INFO: **************************************************
2021-06-13 23:46:14,087 [simulate_environment.py | 100] INFO: cur time: 2021-06-13 01:10:00, pre time: 2021-06-13 01:00:00
2021-06-13 23:46:14,087 [simulate_environment.py | 136] INFO: Start to update the input of 2021-06-13 01:10:00
2021-06-13 23:46:14,101 [simulate_environment.py | 163] INFO: Get 4 unallocated order items, 5 ongoing order items, 0 completed order items
2021-06-13 23:46:15,056 [simulate_environment.py | 247] INFO: 2021-06-13 01:10:00, Item 0013570003-1: state = 1 < 2, we can not finish the simulation
2021-06-13 23:46:15,056 [simulate_environment.py | 96] INFO: **************************************************
2021-06-13 23:46:15,056 [simulate_environment.py | 100] INFO: cur time: 2021-06-13 01:20:00, pre time: 2021-06-13 01:10:00
2021-06-13 23:46:15,056 [simulate_environment.py | 136] INFO: Start to update the input of 2021-06-13 01:20:00
2021-06-13 23:46:15,070 [simulate_environment.py | 163] INFO: Get 4 unallocated order items, 5 ongoing order items, 0 completed order items
2021-06-13 23:46:16,022 [simulate_environment.py | 247] INFO: 2021-06-13 01:20:00, Item 0013570003-1: state = 1 < 2, we can not finish the simulation
2021-06-13 23:46:16,022 [simulate_environment.py | 96] INFO: **************************************************
2021-06-13 23:46:16,022 [simulate_environment.py | 100] INFO: cur time: 2021-06-13 01:30:00, pre time: 2021-06-13 01:20:00
2021-06-13 23:46:16,022 [simulate_environment.py | 136] INFO: Start to update the input of 2021-06-13 01:30:00
2021-06-13 23:46:16,023 [simulate_environment.py | 163] INFO: Get 4 unallocated order items, 5 ongoing order items, 0 completed order items
2021-06-13 23:46:16,995 [simulate_environment.py | 247] INFO: 2021-06-13 01:30:00, Item 0013570003-1: state = 1 < 2, we can not finish the simulation
2021-06-13 23:46:16,995 [simulate_environment.py | 96] INFO: **************************************************
2021-06-13 23:46:16,995 [simulate_environment.py | 100] INFO: cur time: 2021-06-13 01:40:00, pre time: 2021-06-13 01:30:00
2021-06-13 23:46:16,996 [simulate_environment.py | 136] INFO: Start to update the input of 2021-06-13 01:40:00
2021-06-13 23:46:17,007 [simulate_environment.py | 163] INFO: Get 4 unallocated order items, 5 ongoing order items, 0 completed order items
2021-06-13 23:46:18,004 [simulate_environment.py | 247] INFO: 2021-06-13 01:40:00, Item 0013570003-1: state = 1 < 2, we can not finish the simulation
2021-06-13 23:46:18,004 [simulate_environment.py | 96] INFO: **************************************************
2021-06-13 23:46:18,004 [simulate_environment.py | 100] INFO: cur time: 2021-06-13 01:50:00, pre time: 2021-06-13 01:40:00
2021-06-13 23:46:18,004 [simulate_environment.py | 136] INFO: Start to update the input of 2021-06-13 01:50:00
2021-06-13 23:46:18,008 [simulate_environment.py | 163] INFO: Get 4 unallocated order items, 5 ongoing order items, 0 completed order items
2021-06-13 23:46:18,993 [simulate_environment.py | 247] INFO: 2021-06-13 01:50:00, Item 0013570003-1: state = 1 < 2, we can not finish the simulation
2021-06-13 23:46:18,993 [simulate_environment.py | 96] INFO: **************************************************
2021-06-13 23:46:18,993 [simulate_environment.py | 100] INFO: cur time: 2021-06-13 02:00:00, pre time: 2021-06-13 01:50:00
2021-06-13 23:46:18,993 [simulate_environment.py | 136] INFO: Start to update the input of 2021-06-13 02:00:00
2021-06-13 23:46:19,007 [simulate_environment.py | 163] INFO: Get 4 unallocated order items, 5 ongoing order items, 0 completed order items
2021-06-13 23:46:19,961 [simulate_environment.py | 247] INFO: 2021-06-13 02:00:00, Item 0013570003-1: state = 1 < 2, we can not finish the simulation
2021-06-13 23:46:19,961 [simulate_environment.py | 96] INFO: **************************************************
2021-06-13 23:46:19,961 [simulate_environment.py | 100] INFO: cur time: 2021-06-13 02:10:00, pre time: 2021-06-13 02:00:00
2021-06-13 23:46:19,961 [simulate_environment.py | 136] INFO: Start to update the input of 2021-06-13 02:10:00
2021-06-13 23:46:19,977 [simulate_environment.py | 163] INFO: Get 2 unallocated order items, 8 ongoing order items, 0 completed order items
2021-06-13 23:46:20,926 [simulate_environment.py | 247] INFO: 2021-06-13 02:10:00, Item 0013570003-1: state = 1 < 2, we can not finish the simulation
2021-06-13 23:46:20,926 [simulate_environment.py | 96] INFO: **************************************************
2021-06-13 23:46:20,926 [simulate_environment.py | 100] INFO: cur time: 2021-06-13 02:20:00, pre time: 2021-06-13 02:10:00
2021-06-13 23:46:20,926 [simulate_environment.py | 136] INFO: Start to update the input of 2021-06-13 02:20:00
2021-06-13 23:46:20,929 [simulate_environment.py | 163] INFO: Get 2 unallocated order items, 4 ongoing order items, 4 completed order items
