2021-06-13 21:51:09,732 [main.py         | 48] INFO: Start to run instance_1
2021-06-13 21:51:09,732 [simulate_api.py | 60] INFO: Start time of the simulator: 2021-06-13 00:00:00, time interval:  600.00
2021-06-13 21:51:09,744 [input_utils.py  | 48] INFO: Get 154 factories
2021-06-13 21:51:11,313 [input_utils.py  | 52] INFO: Get 23562 routes
2021-06-13 21:51:11,340 [input_utils.py  | 57] INFO: Get 5 vehicles
2021-06-13 21:51:11,349 [input_utils.py  | 61] INFO: Get 50 orders
2021-06-13 21:51:11,349 [simulate_api.py | 87] INFO: Initial position of V_1 is e2d5093fbe36431f8986ddb0e1c586be
2021-06-13 21:51:11,352 [simulate_api.py | 87] INFO: Initial position of V_2 is 7fe14b93f0f04ee7a994ef5b2c1fdb72
2021-06-13 21:51:11,352 [simulate_api.py | 87] INFO: Initial position of V_3 is fa366fc87a124d32926daa5bb093129f
2021-06-13 21:51:11,352 [simulate_api.py | 87] INFO: Initial position of V_4 is e47399648fa842b2b8f80094343d8091
2021-06-13 21:51:11,352 [simulate_api.py | 87] INFO: Initial position of V_5 is becb4f85393540b287e7329758b8d832
2021-06-13 21:51:11,353 [simulate_environment.py | 96] INFO: **************************************************
2021-06-13 21:51:11,353 [simulate_environment.py | 100] INFO: cur time: 2021-06-13 00:10:00, pre time: 2021-06-13 00:00:00
2021-06-13 21:51:11,353 [simulate_environment.py | 136] INFO: Start to update the input of 2021-06-13 00:10:00
2021-06-13 21:51:11,353 [simulate_environment.py | 163] INFO: Get 1 unallocated order items, 0 ongoing order items, 0 completed order items
2021-06-13 21:51:12,294 [simulate_environment.py | 247] INFO: 2021-06-13 00:10:00, Item 0003480001-1: state = 1 < 2, we can not finish the simulation
2021-06-13 21:51:12,294 [simulate_environment.py | 96] INFO: **************************************************
2021-06-13 21:51:12,295 [simulate_environment.py | 100] INFO: cur time: 2021-06-13 00:20:00, pre time: 2021-06-13 00:10:00
2021-06-13 21:51:12,295 [simulate_environment.py | 136] INFO: Start to update the input of 2021-06-13 00:20:00
2021-06-13 21:51:12,304 [simulate_environment.py | 163] INFO: Get 3 unallocated order items, 0 ongoing order items, 0 completed order items
2021-06-13 21:51:13,280 [simulate_environment.py | 247] INFO: 2021-06-13 00:20:00, Item 0003480001-1: state = 1 < 2, we can not finish the simulation
2021-06-13 21:51:13,280 [simulate_environment.py | 96] INFO: **************************************************
2021-06-13 21:51:13,280 [simulate_environment.py | 100] INFO: cur time: 2021-06-13 00:30:00, pre time: 2021-06-13 00:20:00
2021-06-13 21:51:13,280 [simulate_environment.py | 136] INFO: Start to update the input of 2021-06-13 00:30:00
2021-06-13 21:51:13,289 [simulate_environment.py | 163] INFO: Get 3 unallocated order items, 0 ongoing order items, 0 completed order items
2021-06-13 21:51:14,236 [simulate_environment.py | 247] INFO: 2021-06-13 00:30:00, Item 0003480001-1: state = 1 < 2, we can not finish the simulation
2021-06-13 21:51:14,236 [simulate_environment.py | 96] INFO: **************************************************
2021-06-13 21:51:14,236 [simulate_environment.py | 100] INFO: cur time: 2021-06-13 00:40:00, pre time: 2021-06-13 00:30:00
2021-06-13 21:51:14,236 [simulate_environment.py | 136] INFO: Start to update the input of 2021-06-13 00:40:00
2021-06-13 21:51:14,243 [simulate_environment.py | 163] INFO: Get 9 unallocated order items, 0 ongoing order items, 0 completed order items
2021-06-13 21:51:15,230 [simulate_environment.py | 247] INFO: 2021-06-13 00:40:00, Item 0003480001-1: state = 1 < 2, we can not finish the simulation
2021-06-13 21:51:15,230 [simulate_environment.py | 96] INFO: **************************************************
2021-06-13 21:51:15,230 [simulate_environment.py | 100] INFO: cur time: 2021-06-13 00:50:00, pre time: 2021-06-13 00:40:00
2021-06-13 21:51:15,230 [simulate_environment.py | 136] INFO: Start to update the input of 2021-06-13 00:50:00
2021-06-13 21:51:15,243 [simulate_environment.py | 163] INFO: Get 8 unallocated order items, 1 ongoing order items, 0 completed order items
2021-06-13 21:51:16,240 [simulate_environment.py | 247] INFO: 2021-06-13 00:50:00, Item 0003480001-1: state = 1 < 2, we can not finish the simulation
2021-06-13 21:51:16,241 [simulate_environment.py | 96] INFO: **************************************************
2021-06-13 21:51:16,241 [simulate_environment.py | 100] INFO: cur time: 2021-06-13 01:00:00, pre time: 2021-06-13 00:50:00
2021-06-13 21:51:16,241 [simulate_environment.py | 136] INFO: Start to update the input of 2021-06-13 01:00:00
2021-06-13 21:51:16,258 [simulate_environment.py | 163] INFO: Get 8 unallocated order items, 1 ongoing order items, 0 completed order items
2021-06-13 21:51:17,226 [simulate_environment.py | 247] INFO: 2021-06-13 01:00:00, Item 0003480001-1: state = 1 < 2, we can not finish the simulation
2021-06-13 21:51:17,226 [simulate_environment.py | 96] INFO: **************************************************
2021-06-13 21:51:17,226 [simulate_environment.py | 100] INFO: cur time: 2021-06-13 01:10:00, pre time: 2021-06-13 01:00:00
2021-06-13 21:51:17,226 [simulate_environment.py | 136] INFO: Start to update the input of 2021-06-13 01:10:00
2021-06-13 21:51:17,242 [simulate_environment.py | 163] INFO: Get 4 unallocated order items, 5 ongoing order items, 0 completed order items
2021-06-13 21:51:18,189 [checker.py      | 75] ERROR: Vehicle V_3 violates the LIFO constraint
2021-06-13 21:51:18,189 [simulate_environment.py | 112] ERROR: Dispatch result is infeasible
2021-06-13 21:51:18,192 [main.py         | 53] INFO: Score of instance_1: 9223372036854775807
